{
  "stats": {
    "suites": 2,
    "tests": 10,
    "passes": 9,
    "pending": 0,
    "failures": 1,
    "start": "2023-11-04T16:19:13.768Z",
    "end": "2023-11-04T16:19:58.023Z",
    "duration": 44255,
    "testsRegistered": 10,
    "passPercent": 90,
    "pendingPercent": 0,
    "other": 0,
    "hasOther": false,
    "skipped": 0,
    "hasSkipped": false
  },
  "results": [
    {
      "uuid": "1e8d3d7c-3955-4a71-bc37-0ef224167d65",
      "title": "",
      "fullFile": "cypress\\e2e\\test-cases.cy.js",
      "file": "cypress\\e2e\\test-cases.cy.js",
      "beforeHooks": [],
      "afterHooks": [],
      "tests": [],
      "suites": [
        {
          "uuid": "f610efb3-8ad9-474c-b9ea-b7aff4f5212b",
          "title": "Authorization and Registration section",
          "fullFile": "",
          "file": "",
          "beforeHooks": [],
          "afterHooks": [],
          "tests": [
            {
              "title": "Test-case #1-1 Valid Login",
              "fullTitle": "Authorization and Registration section Test-case #1-1 Valid Login",
              "timedOut": null,
              "duration": 5946,
              "state": "passed",
              "speed": "medium",
              "pass": true,
              "fail": false,
              "pending": false,
              "context": null,
              "code": "cy.fixture(\"user\").then(data => {\n  userName = data.name;\n  userEmail = data.email;\n  userPassword = data.password;\n  // Step 1\n  homePage.clickSignIn();\n  cy.url().should('contain', 'login').and('contain', 'realworld.io');\n  // Step 2\n  loginPage.typeEmail(userEmail);\n  loginPage.checkEmail(userEmail);\n  // Step 3\n  loginPage.typePassword(userPassword);\n  loginPage.checkPassword(userPassword);\n  loginPage.checkPasswordDotted();\n  // Step 4\n  loginPage.clickSignIn();\n  cy.url().should('eq', 'https://demo.realworld.io/#/');\n  homePage.checkUserName(userName);\n});",
              "err": {},
              "uuid": "a3c46c59-e2d4-4929-8420-7233eac1f439",
              "parentUUID": "f610efb3-8ad9-474c-b9ea-b7aff4f5212b",
              "isHook": false,
              "skipped": false
            },
            {
              "title": "Test-case #1-2 \"Need an account?\" link",
              "fullTitle": "Authorization and Registration section Test-case #1-2 \"Need an account?\" link",
              "timedOut": null,
              "duration": 998,
              "state": "passed",
              "speed": "fast",
              "pass": true,
              "fail": false,
              "pending": false,
              "context": null,
              "code": "// Step 1\nhomePage.clickSignIn();\ncy.url().should('contain', 'login').and('contain', 'realworld.io');\n// Step 2\nloginPage.clickNeedAccountLink();\ncy.url().should('contain', 'register').and('contain', 'realworld.io');",
              "err": {},
              "uuid": "b4922085-8eff-4ab0-8378-93e421707c14",
              "parentUUID": "f610efb3-8ad9-474c-b9ea-b7aff4f5212b",
              "isHook": false,
              "skipped": false
            },
            {
              "title": "Test-case #1-3 Login with invalid login",
              "fullTitle": "Authorization and Registration section Test-case #1-3 Login with invalid login",
              "timedOut": null,
              "duration": 2236,
              "state": "passed",
              "speed": "fast",
              "pass": true,
              "fail": false,
              "pending": false,
              "context": null,
              "code": "const invEmail = Math.random().toString(5).substring(2) + \"@gmail.com\";\nconst invPassword = Math.random().toString(5).substring(2);\n// Step 1\nhomePage.clickSignIn();\ncy.url().should('contain', 'login').and('contain', 'realworld.io');\n// Step 2\nloginPage.typeEmail(invEmail);\nloginPage.checkEmail(invEmail);\n// Step 3\nloginPage.typePassword(invPassword);\nloginPage.checkPassword(invPassword);\nloginPage.checkPasswordDotted();\n// Step 4\nloginPage.clickSignIn();\nloginPage.checkRedWarningVisible();",
              "err": {},
              "uuid": "732e5741-806e-4255-b9d9-955d7fb5aee2",
              "parentUUID": "f610efb3-8ad9-474c-b9ea-b7aff4f5212b",
              "isHook": false,
              "skipped": false
            },
            {
              "title": "Test case #1-4 Login with invalid password",
              "fullTitle": "Authorization and Registration section Test case #1-4 Login with invalid password",
              "timedOut": null,
              "duration": 2639,
              "state": "passed",
              "speed": "fast",
              "pass": true,
              "fail": false,
              "pending": false,
              "context": null,
              "code": "const invPassword = Math.random().toString(5).substring(2);\ncy.fixture(\"user\").then(data => {\n  userEmail = data.email;\n  // Step 1\n  homePage.clickSignIn();\n  cy.url().should('contain', 'login').and('contain', 'realworld.io');\n  // Step 2\n  loginPage.typeEmail(userEmail);\n  loginPage.checkEmail(userEmail);\n  // Step 3\n  loginPage.typePassword(invPassword);\n  loginPage.checkPassword(invPassword);\n  loginPage.checkPasswordDotted();\n  // Step 4\n  loginPage.clickSignIn();\n  loginPage.checkRedWarningVisible();\n});",
              "err": {},
              "uuid": "f3a02eba-bd2f-4b84-b27c-3313b96ef7c7",
              "parentUUID": "f610efb3-8ad9-474c-b9ea-b7aff4f5212b",
              "isHook": false,
              "skipped": false
            },
            {
              "title": "Test case 1-5 Register with already existing login",
              "fullTitle": "Authorization and Registration section Test case 1-5 Register with already existing login",
              "timedOut": null,
              "duration": 3073,
              "state": "passed",
              "speed": "fast",
              "pass": true,
              "fail": false,
              "pending": false,
              "context": null,
              "code": "const invName = Math.random().toString(5).substring(2);\nconst invPassword = Math.random().toString(5).substring(2);\ncy.fixture(\"user\").then(data => {\n  userEmail = data.email;\n  // Step 1\n  homePage.clickSignUp();\n  cy.url().should('contain', 'register').and('contain', 'realworld.io');\n  // Step 2\n  registerPage.typeName(invName);\n  registerPage.checkName(invName);\n  // Step 3\n  registerPage.typeEmail(userEmail);\n  registerPage.checkEmail(userEmail);\n  // Step 4\n  registerPage.typePassword(invPassword);\n  registerPage.checkPassword(invPassword);\n  registerPage.checkPasswordDotted();\n  // Step 5\n  registerPage.clicksignUpButton();\n  registerPage.checkRedWarningVisible();\n});",
              "err": {},
              "uuid": "aa9f9c0f-4f97-4bd5-958a-f85981a749bb",
              "parentUUID": "f610efb3-8ad9-474c-b9ea-b7aff4f5212b",
              "isHook": false,
              "skipped": false
            }
          ],
          "suites": [],
          "passes": [
            "a3c46c59-e2d4-4929-8420-7233eac1f439",
            "b4922085-8eff-4ab0-8378-93e421707c14",
            "732e5741-806e-4255-b9d9-955d7fb5aee2",
            "f3a02eba-bd2f-4b84-b27c-3313b96ef7c7",
            "aa9f9c0f-4f97-4bd5-958a-f85981a749bb"
          ],
          "failures": [],
          "pending": [],
          "skipped": [],
          "duration": 14892,
          "root": false,
          "rootEmpty": false,
          "_timeout": 2000
        },
        {
          "uuid": "2a0ca5b4-049c-4b7b-8294-f7c66ef22351",
          "title": "Functional section",
          "fullFile": "",
          "file": "",
          "beforeHooks": [],
          "afterHooks": [],
          "tests": [
            {
              "title": "Test case #1-6 Check if logo goes to the home page in Profile",
              "fullTitle": "Functional section Test case #1-6 Check if logo goes to the home page in Profile",
              "timedOut": null,
              "duration": 3429,
              "state": "passed",
              "speed": "fast",
              "pass": true,
              "fail": false,
              "pending": false,
              "context": null,
              "code": "// Step 1\nhomePage.clickProfileLink();\ncy.fixture(\"user\").then(data => {\n  userName = data.name;\n  cy.url().should('contain', userName).and('contain', 'realworld.io');\n});\n// Step 2\nprofilePage.clickLogo();\ncy.url().should('eq', 'https://demo.realworld.io/#/');",
              "err": {},
              "uuid": "06078b00-7699-4700-81e5-4922fa68539d",
              "parentUUID": "2a0ca5b4-049c-4b7b-8294-f7c66ef22351",
              "isHook": false,
              "skipped": false
            },
            {
              "title": "Test case #1-7 Choose the Popular tag",
              "fullTitle": "Functional section Test case #1-7 Choose the Popular tag",
              "timedOut": null,
              "duration": 2720,
              "state": "passed",
              "speed": "fast",
              "pass": true,
              "fail": false,
              "pending": false,
              "context": null,
              "code": "// Step 1\nhomePage.chooseFistPopularTag();\nhomePage.checkFirstNewBookmarkName();",
              "err": {},
              "uuid": "3d048131-09b9-4473-8c40-c4b240eaef13",
              "parentUUID": "2a0ca5b4-049c-4b7b-8294-f7c66ef22351",
              "isHook": false,
              "skipped": false
            },
            {
              "title": "Test case #1-8 Add the article to the Favorite",
              "fullTitle": "Functional section Test case #1-8 Add the article to the Favorite",
              "timedOut": null,
              "duration": 10197,
              "state": "failed",
              "speed": null,
              "pass": false,
              "fail": true,
              "pending": false,
              "context": "{\n  \"title\": \"cypress-mochawesome-reporter-screenshots\",\n  \"value\": [\n    [\n      \"\\\\test-cases.cy.js\\\\Functional section -- Test case #1-8 Add the article to the Favorite (failed).png\"\n    ]\n  ]\n}",
              "code": "// Step 1\nhomePage.clickGlobalFeedBookmark();\ncy.wait(2000);\nhomePage.checkGlobalFeedIsActive();\n// Step 2\nhomePage.clickFirstGlobalFeedArticleHeart();\nhomePage.checkFirstGlobalArticleHeartIsWhite();\n// Step 3\nhomePage.clickProfileLink();\ncy.fixture(\"user\").then(data => {\n  userName = data.name;\n  cy.url().should('contain', userName).and('contain', 'realworld.io');\n});\n// Step 4\nprofilePage.clickFavoriteArticlesBookmark();\nprofilePage.checkFavoriteArticlesIsActive();\nprofilePage.checkFirstGlobalArticleHeartIsWhite();\nprofilePage.clickFirstGlobalArticleHeart();",
              "err": {
                "message": "AssertionError: Timed out retrying after 4000ms: Expected to find element: `.pull-xs-right > .btn`, but never found it.",
                "estack": "AssertionError: Timed out retrying after 4000ms: Expected to find element: `.pull-xs-right > .btn`, but never found it.\n    at ProfilePage.checkFirstGlobalArticleHeartIsWhite (webpack://realworldcepresstask/./cypress/pages/profilepage.js:20:9)\n    at Context.eval (webpack://realworldcepresstask/./cypress/e2e/test-cases.cy.js:162:20)",
                "diff": null
              },
              "uuid": "5de5416a-4a5f-47f3-9423-cb8108bc1c5b",
              "parentUUID": "2a0ca5b4-049c-4b7b-8294-f7c66ef22351",
              "isHook": false,
              "skipped": false
            },
            {
              "title": "Test case #1-9 \"Edit profile settings button\"",
              "fullTitle": "Functional section Test case #1-9 \"Edit profile settings button\"",
              "timedOut": null,
              "duration": 4089,
              "state": "passed",
              "speed": "fast",
              "pass": true,
              "fail": false,
              "pending": false,
              "context": null,
              "code": "// Step 1\nhomePage.clickProfileLink();\ncy.fixture(\"user\").then(data => {\n  userName = data.name;\n  cy.url().should('contain', userName).and('contain', 'realworld.io');\n});\n// Step 2\nprofilePage.clickEditProfileSettingsButton();\ncy.url().should('contain', 'settings').and('contain', 'realworld.io');\ncy.fixture(\"user\").then(data => {\n  userName = data.name;\n  userEmail = data.email;\n  settingsPage.checkUserName(userName);\n  settingsPage.checkEmail(userEmail);\n});",
              "err": {},
              "uuid": "8fd74e58-fdd7-4e6e-bdcf-8a89711ad5f0",
              "parentUUID": "2a0ca5b4-049c-4b7b-8294-f7c66ef22351",
              "isHook": false,
              "skipped": false
            },
            {
              "title": "Test case #1-10 Check messages in the sections in the Profile page",
              "fullTitle": "Functional section Test case #1-10 Check messages in the sections in the Profile page",
              "timedOut": null,
              "duration": 4143,
              "state": "passed",
              "speed": "fast",
              "pass": true,
              "fail": false,
              "pending": false,
              "context": null,
              "code": "// Step 1\nhomePage.clickProfileLink();\ncy.fixture(\"user\").then(data => {\n  userName = data.name;\n  cy.url().should('contain', userName).and('contain', 'realworld.io');\n});\nprofilePage.checkArticlesMessageIsVisibleAndHaveMessage();\n// Step 2\nprofilePage.clickFavoriteArticlesBookmark();\nprofilePage.checkArticlesMessageIsVisibleAndHaveMessage;",
              "err": {},
              "uuid": "9b705f2b-ab2b-49da-9358-9f0d4f570e40",
              "parentUUID": "2a0ca5b4-049c-4b7b-8294-f7c66ef22351",
              "isHook": false,
              "skipped": false
            }
          ],
          "suites": [],
          "passes": [
            "06078b00-7699-4700-81e5-4922fa68539d",
            "3d048131-09b9-4473-8c40-c4b240eaef13",
            "8fd74e58-fdd7-4e6e-bdcf-8a89711ad5f0",
            "9b705f2b-ab2b-49da-9358-9f0d4f570e40"
          ],
          "failures": [
            "5de5416a-4a5f-47f3-9423-cb8108bc1c5b"
          ],
          "pending": [],
          "skipped": [],
          "duration": 24578,
          "root": false,
          "rootEmpty": false,
          "_timeout": 2000
        }
      ],
      "passes": [],
      "failures": [],
      "pending": [],
      "skipped": [],
      "duration": 0,
      "root": true,
      "rootEmpty": true,
      "_timeout": 2000
    }
  ],
  "meta": {
    "mocha": {
      "version": "7.0.1"
    },
    "mochawesome": {
      "options": {
        "quiet": false,
        "reportFilename": "mochawesome",
        "saveHtml": true,
        "saveJson": true,
        "consoleReporter": "spec",
        "useInlineDiffs": false,
        "code": true
      },
      "version": "7.1.3"
    },
    "marge": {
      "options": null,
      "version": "6.2.0"
    }
  }
}